<?xml version="1.0" encoding="UTF-8"?>
<!-- Generated by org.testng.reporters.JUnitXMLReporter -->
<testsuite hostname="DESKTOP-A6KN624" ignored="0" name="Test" tests="1" failures="1" timestamp="26 Feb 2022 12:23:15 GMT" time="69.767" errors="0">
  <testcase name="amazon_relay" time="69.351" classname="amazon.ExecuteClass">
    <failure type="org.openqa.selenium.SessionNotCreatedException" message="session not created
from disconnected: received Inspector.detached event
  (Session info: chrome=98.0.4758.102)
Build info: version: &amp;apos;3.141.59&amp;apos;, revision: &amp;apos;e82be7d358&amp;apos;, time: &amp;apos;2018-11-14T08:17:03&amp;apos;
System info: host: &amp;apos;DESKTOP-A6KN624&amp;apos;, ip: &amp;apos;192.168.1.79&amp;apos;, os.name: &amp;apos;Windows 10&amp;apos;, os.arch: &amp;apos;amd64&amp;apos;, os.version: &amp;apos;10.0&amp;apos;, java.version: &amp;apos;1.8.0_281&amp;apos;
Driver info: driver.version: ChromeDriver
remote stacktrace: Backtrace:
	Ordinal0 [0x007F69A3+2582947]
	Ordinal0 [0x0078A6D1+2139857]
	Ordinal0 [0x00683A98+1063576]
	Ordinal0 [0x00676410+1008656]
	Ordinal0 [0x00675FE3+1007587]
	Ordinal0 [0x006755F0+1005040]
	Ordinal0 [0x00674727+1001255]
	Ordinal0 [0x006749E6+1001958]
	Ordinal0 [0x006742C5+1000133]
	Ordinal0 [0x0067F993+1046931]
	Ordinal0 [0x00674275+1000053]
	Ordinal0 [0x006751F8+1004024]
	Ordinal0 [0x00674727+1001255]
	Ordinal0 [0x006749E6+1001958]
	Ordinal0 [0x006742C5+1000133]
	Ordinal0 [0x0067D6D3+1038035]
	Ordinal0 [0x00674275+1000053]
	Ordinal0 [0x006751F8+1004024]
	Ordinal0 [0x00674727+1001255]
	Ordinal0 [0x006749E6+1001958]
	Ordinal0 [0x006742C5+1000133]
	Ordinal0 [0x0067B3B9+1029049]
	Ordinal0 [0x00674275+1000053]
	Ordinal0 [0x006751F8+1004024]
	Ordinal0 [0x00674727+1001255]
	Ordinal0 [0x00674AF7+1002231]
	Ordinal0 [0x00674AA8+1002152]
	Ordinal0 [0x0067A566+1025382]
	Ordinal0 [0x00674275+1000053]
	Ordinal0 [0x006751F8+1004024]
	Ordinal0 [0x00674727+1001255]
	Ordinal0 [0x006749E6+1001958]
	Ordinal0 [0x006742C5+1000133]
	Ordinal0 [0x0066FC8D+982157]
	Ordinal0 [0x00674275+1000053]
	Ordinal0 [0x00674000+999424]
	Ordinal0 [0x00673D49+998729]
	Ordinal0 [0x00684DD0+1068496]
	Ordinal0 [0x006CE03C+1368124]
	Ordinal0 [0x006CCC2A+1362986]
	Ordinal0 [0x006C8366+1344358]
	Ordinal0 [0x006A5176+1200502]
	Ordinal0 [0x006A6066+1204326]
	GetHandleVerifier [0x0099BE02+1675858]
	GetHandleVerifier [0x00A5036C+2414524]
	GetHandleVerifier [0x0088BB01+560977]
	GetHandleVerifier [0x0088A8D3+556323]
	Ordinal0 [0x0079020E+2163214]
	Ordinal0 [0x00795078+2183288]
	Ordinal0 [0x007951C0+2183616]
	Ordinal0 [0x0079EE1C+2223644]
	BaseThreadInitThunk [0x7654FA29+25]
	RtlGetAppContainerNamedObjectPath [0x777E7A9E+286]
	RtlGetAppContainerNamedObjectPath [0x777E7A6E+238]
">
      <![CDATA[org.openqa.selenium.SessionNotCreatedException: session not created
from disconnected: received Inspector.detached event
  (Session info: chrome=98.0.4758.102)
Build info: version: '3.141.59', revision: 'e82be7d358', time: '2018-11-14T08:17:03'
System info: host: 'DESKTOP-A6KN624', ip: '192.168.1.79', os.name: 'Windows 10', os.arch: 'amd64', os.version: '10.0', java.version: '1.8.0_281'
Driver info: driver.version: ChromeDriver
remote stacktrace: Backtrace:
	Ordinal0 [0x007F69A3+2582947]
	Ordinal0 [0x0078A6D1+2139857]
	Ordinal0 [0x00683A98+1063576]
	Ordinal0 [0x00676410+1008656]
	Ordinal0 [0x00675FE3+1007587]
	Ordinal0 [0x006755F0+1005040]
	Ordinal0 [0x00674727+1001255]
	Ordinal0 [0x006749E6+1001958]
	Ordinal0 [0x006742C5+1000133]
	Ordinal0 [0x0067F993+1046931]
	Ordinal0 [0x00674275+1000053]
	Ordinal0 [0x006751F8+1004024]
	Ordinal0 [0x00674727+1001255]
	Ordinal0 [0x006749E6+1001958]
	Ordinal0 [0x006742C5+1000133]
	Ordinal0 [0x0067D6D3+1038035]
	Ordinal0 [0x00674275+1000053]
	Ordinal0 [0x006751F8+1004024]
	Ordinal0 [0x00674727+1001255]
	Ordinal0 [0x006749E6+1001958]
	Ordinal0 [0x006742C5+1000133]
	Ordinal0 [0x0067B3B9+1029049]
	Ordinal0 [0x00674275+1000053]
	Ordinal0 [0x006751F8+1004024]
	Ordinal0 [0x00674727+1001255]
	Ordinal0 [0x00674AF7+1002231]
	Ordinal0 [0x00674AA8+1002152]
	Ordinal0 [0x0067A566+1025382]
	Ordinal0 [0x00674275+1000053]
	Ordinal0 [0x006751F8+1004024]
	Ordinal0 [0x00674727+1001255]
	Ordinal0 [0x006749E6+1001958]
	Ordinal0 [0x006742C5+1000133]
	Ordinal0 [0x0066FC8D+982157]
	Ordinal0 [0x00674275+1000053]
	Ordinal0 [0x00674000+999424]
	Ordinal0 [0x00673D49+998729]
	Ordinal0 [0x00684DD0+1068496]
	Ordinal0 [0x006CE03C+1368124]
	Ordinal0 [0x006CCC2A+1362986]
	Ordinal0 [0x006C8366+1344358]
	Ordinal0 [0x006A5176+1200502]
	Ordinal0 [0x006A6066+1204326]
	GetHandleVerifier [0x0099BE02+1675858]
	GetHandleVerifier [0x00A5036C+2414524]
	GetHandleVerifier [0x0088BB01+560977]
	GetHandleVerifier [0x0088A8D3+556323]
	Ordinal0 [0x0079020E+2163214]
	Ordinal0 [0x00795078+2183288]
	Ordinal0 [0x007951C0+2183616]
	Ordinal0 [0x0079EE1C+2223644]
	BaseThreadInitThunk [0x7654FA29+25]
	RtlGetAppContainerNamedObjectPath [0x777E7A9E+286]
	RtlGetAppContainerNamedObjectPath [0x777E7A6E+238]

	at org.openqa.selenium.remote.W3CHandshakeResponse.lambda$errorHandler$0(W3CHandshakeResponse.java:62)
	at org.openqa.selenium.remote.HandshakeResponse.lambda$getResponseFunction$0(HandshakeResponse.java:30)
	at org.openqa.selenium.remote.ProtocolHandshake.lambda$createSession$0(ProtocolHandshake.java:126)
	at java.util.stream.ReferencePipeline$3$1.accept(Unknown Source)
	at java.util.Spliterators$ArraySpliterator.tryAdvance(Unknown Source)
	at java.util.stream.ReferencePipeline.forEachWithCancel(Unknown Source)
	at java.util.stream.AbstractPipeline.copyIntoWithCancel(Unknown Source)
	at java.util.stream.AbstractPipeline.copyInto(Unknown Source)
	at java.util.stream.AbstractPipeline.wrapAndCopyInto(Unknown Source)
	at java.util.stream.FindOps$FindOp.evaluateSequential(Unknown Source)
	at java.util.stream.AbstractPipeline.evaluate(Unknown Source)
	at java.util.stream.ReferencePipeline.findFirst(Unknown Source)
	at org.openqa.selenium.remote.ProtocolHandshake.createSession(ProtocolHandshake.java:128)
	at org.openqa.selenium.remote.ProtocolHandshake.createSession(ProtocolHandshake.java:74)
	at org.openqa.selenium.remote.HttpCommandExecutor.execute(HttpCommandExecutor.java:136)
	at org.openqa.selenium.remote.service.DriverCommandExecutor.execute(DriverCommandExecutor.java:83)
	at org.openqa.selenium.remote.RemoteWebDriver.execute(RemoteWebDriver.java:552)
	at org.openqa.selenium.remote.RemoteWebDriver.startSession(RemoteWebDriver.java:213)
	at org.openqa.selenium.remote.RemoteWebDriver.<init>(RemoteWebDriver.java:131)
	at org.openqa.selenium.chrome.ChromeDriver.<init>(ChromeDriver.java:181)
	at org.openqa.selenium.chrome.ChromeDriver.<init>(ChromeDriver.java:168)
	at org.openqa.selenium.chrome.ChromeDriver.<init>(ChromeDriver.java:123)
	at amazon.Baseclass.launchBrowser(Baseclass.java:50)
	at amazon.AmazonProduction.launching(AmazonProduction.java:70)
	at amazon.ExecuteClass.amazon_relay(ExecuteClass.java:12)
... Removed 29 stack frames]]>
    </failure>
  </testcase> <!-- amazon_relay -->
</testsuite> <!-- Test -->
