<?xml version="1.0" encoding="UTF-8"?>
<testsuite xmlns:xsi="http://www.w3.org/2001/XMLSchema-instance" xsi:noNamespaceSchemaLocation="https://maven.apache.org/surefire/maven-surefire-plugin/xsd/surefire-test-report-3.0.xsd" version="3.0" name="TestSuite" time="271.918" tests="1" errors="0" skipped="0" failures="0">
  <properties>
[...]
</properties>
  <testcase name="amazon_relay[mohanavelk@wowtruck.in, wowtruck](1)" classname="amazon.ExecuteClass" time="270.697">
    <system-out><![CDATA[All head Pickup ID Size : 89
All head Pickup ID Size : [1CCUY1,600.00, 1ODMY2,200.00, 1ODTQ1,800.00, 1BNWD4,625.09, 1SXVD3,000.00, 1SXVD10,000.00, 1DELU89,999.99, 1GURZ3,321.00, 1CCUY37,800.00, 1POUA1,840.53, 1SVGD3,356.17, 1DELU89,999.99, 1PTJM3,321.00, 1SXVD3,000.00, 1PUNY5,369.00, 1DELU89,999.99, 1CCUY37,750.00, 1IPCF5,250.00, 1SVGD3,356.17, 1BLR54,091.00, 1DELU89,999.99, 1SLKA5,385.38, 1LKO15,250.00, 1PTJM3,107.00, 1BLRX22,125.01, 1SXVD3,000.00, 1PUNY4,316.11, 1AMD216,500.00, 1DELU89,999.99, 1CCUY35,750.00, 1SCCE14,750.00, 1SJAC7,211.56, 1PTJM3,000.00, 1LUHX4,243.45, 1DEL27,000.00, 1PATX15,250.00, 1PUNY5,105.78, 1CCUY35,750.00, 1DEL217,000.00, 1BLR53,950.00, 1LKO16,750.00, 1SBCZ33,300.00, 1PUNY5,369.00, 1HSCK18,500.00, 1AMD217,000.00, 1IXRU17,000.00, 1CCUY35,750.00, 1EKA14,019.50, 1DEL233,000.00, 1STVV6,500.00, 1AMD217,000.00, 1CCUY35,500.00, 1DEL213,250.00, 1IPCF4,932.00, 1LKOO9,000.00, 1BLR53,950.00, 1SJAC5,632.22, 1LKO16,750.00, 1LUHX4,250.00, 1MBOX5,105.78, 1PUNY6,158.67, 1HSCK27,599.45, 1CCUY35,500.00, 1BHOH24,000.00, 1DEL27,000.00, 1DEL216,500.00, 1HSCK19,250.00, 1DEL215,250.00, 1DEL216,500.00, 1HSCM35,000.00, 1SPNA3,789.67, 1DEL213,000.00, 1HSCK27,599.45, 1DEL214,750.00, 1DEL211,973.00, 1HSCK20,000.00, 1DEL215,250.00, 1DEL211,973.00, 1DEL216,000.00, 1HSCA42,750.00, 1HSCK27,599.45, 1HSCK27,599.45, 1HSCK19,500.00, 1SPNA4,316.11, 1HSCM34,500.00, 1HSCK19,500.00, 1HSCK27,599.45, 1HSCK27,250.00, 1SPNA4,316.11]
Pickup Id Size : 89
Pickup Id Size : [1CCUY1,600.00, 1ODMY2,200.00, 1ODTQ1,800.00, 1BNWD4,625.09, 1SXVD3,000.00, 1SXVD10,000.00, 1DELU89,999.99, 1GURZ3,321.00, 1CCUY37,800.00, 1POUA1,840.53, 1SVGD3,356.17, 1DELU89,999.99, 1PTJM3,321.00, 1SXVD3,000.00, 1PUNY5,369.00, 1DELU89,999.99, 1CCUY37,750.00, 1IPCF5,250.00, 1SVGD3,356.17, 1BLR54,091.00, 1DELU89,999.99, 1SLKA5,385.38, 1LKO15,250.00, 1PTJM3,107.00, 1BLRX22,125.01, 1SXVD3,000.00, 1PUNY4,316.11, 1AMD216,500.00, 1DELU89,999.99, 1CCUY35,750.00, 1SCCE14,750.00, 1SJAC7,211.56, 1PTJM3,000.00, 1LUHX4,243.45, 1DEL27,000.00, 1PATX15,250.00, 1PUNY5,105.78, 1CCUY35,750.00, 1DEL217,000.00, 1BLR53,950.00, 1LKO16,750.00, 1SBCZ33,300.00, 1PUNY5,369.00, 1HSCK18,500.00, 1AMD217,000.00, 1IXRU17,000.00, 1CCUY35,750.00, 1EKA14,019.50, 1DEL233,000.00, 1STVV6,500.00, 1AMD217,000.00, 1CCUY35,500.00, 1DEL213,250.00, 1IPCF4,932.00, 1LKOO9,000.00, 1BLR53,950.00, 1SJAC5,632.22, 1LKO16,750.00, 1LUHX4,250.00, 1MBOX5,105.78, 1PUNY6,158.67, 1HSCK27,599.45, 1CCUY35,500.00, 1BHOH24,000.00, 1DEL27,000.00, 1DEL216,500.00, 1HSCK19,250.00, 1DEL215,250.00, 1DEL216,500.00, 1HSCM35,000.00, 1SPNA3,789.67, 1DEL213,000.00, 1HSCK27,599.45, 1DEL214,750.00, 1DEL211,973.00, 1HSCK20,000.00, 1DEL215,250.00, 1DEL211,973.00, 1DEL216,000.00, 1HSCA42,750.00, 1HSCK27,599.45, 1HSCK27,599.45, 1HSCK19,500.00, 1SPNA4,316.11, 1HSCM34,500.00, 1HSCK19,500.00, 1HSCK27,599.45, 1HSCK27,250.00, 1SPNA4,316.11]
Want to Click : []
Arrival pickup date Size : 89
Price all data Size : 89
Pickup Truck Size : 89
All TR ID Size : 89
Second Tr : [N/A, N/A, N/A, N/A, N/A, N/A, N/A, N/A, N/A, N/A, N/A, N/A, N/A, N/A, N/A, N/A, N/A, N/A, N/A, N/A, N/A, N/A, N/A, N/A, N/A, N/A, N/A, N/A, N/A, N/A, N/A, N/A, N/A, N/A, N/A, N/A, N/A, N/A, N/A, N/A, N/A, N/A, N/A, N/A, N/A, N/A, N/A, N/A, N/A, N/A, N/A, N/A, N/A, N/A, N/A, N/A, N/A, N/A, N/A, N/A, N/A, N/A, N/A, N/A, N/A, N/A, N/A, N/A, N/A, N/A, N/A, N/A, N/A, N/A, N/A, N/A, N/A, N/A, N/A, N/A, N/A, N/A, N/A, N/A, N/A, N/A, N/A, N/A, N/A]
Second Tr Size : 89
{"pick_timestamp":"2022\/02\/26 12:30","customer_price":"1600.00","pic_address":[{"pic_address":"\nPlot 33 and 34, Arrjavv Industrial Warehouse Park,\nDankuni,WEST BENGAL 712310"}],"drop_address":[{"drop_address":"\n.21,R N Mukherjee Road,Kolkata -700001\nKolkata,WEST BENGAL 700017"}],"length":"7' Truck","tr_number":["CF5282"]}
{"pick_timestamp":"2022\/02\/26 13:00","customer_price":"2200.00","pic_address":[{"pic_address":"\nSite No.106 2, First Floor\nShrinivasa Building Hesaraghatta\nBengaluru,KARNATAKA 560090"}],"drop_address":[{"drop_address":"\n4TH PHASE, OPP BATA FACTORY PEENYA, INDL AREA\nBengaluru,KARNATAKA 560058"},{"drop_address":"\nNO.73 by 1D, BYREGOWDA INDUSTRIAL ESTATE,, SRIGANDHANAGAR,\nHEGGANAHALLI, PEENYA 2ND STAGE\nBengaluru,KARNATAKA 560091"},{"drop_address":"\n88by89, 1st floor, P and T Layout, Srigandadakaval, Sunkadak\nBengaluru,KARNATAKA 560091"},{"drop_address":"\nNO 37, Obalapura Village, Hoskote Taluk, NH 207\nBangalore,KARNATAKA 560067"}],"length":"8' Truck","tr_number":["95A9C6"]}
{"pick_timestamp":"2022\/02\/26 14:00","customer_price":"1800.00","pic_address":[{"pic_address":"\nN 88, HIG Sector - 23, Sanjay Nagar, Ghaziabad\nGhaziabad,UTTAR PRADESH 201002"}],"drop_address":[{"drop_address":"\nHamilton Housewares Pvt.Ltd. C-84, Industrial Area, Meerut\nRoad, Ghaziabad-201003 UP\nGhaziabad,UTTAR PRADESH 201003"},{"drop_address":"\nC 8by2, Meerut Road industrial area\nFaridabad,HARYANA 121003"},{"drop_address":"\nACLC 2B,Near New ATC Tower,Opp.Gate 1 Cargo Terminal,\nIGI Airport\nNew Delhi,DELHI 110037"}],"length":"7' Truck","tr_number":["9B985D"]}
{"pick_timestamp":"2022\/02\/26 14:00","customer_price":"4625.09","pic_address":[{"pic_address":"\nHaryanaShop No. 33, Old Deveshar Chungi,Shiv NagarLoharuRoad\nBhiwani,HARYANA 127021"}],"drop_address":[{"drop_address":"\nBuilding Nos. 1 and 2, Agsons Global Logistics Park, Agsons\nSonipat,HARYANA 131021"}],"length":"20' Truck","tr_number":["A32704"]}
{"pick_timestamp":"2022\/02\/26 18:00","customer_price":"3000.00","pic_address":[{"pic_address":"\n16\/2A,16\/2B,16\/3B,18\/1A,, PMP Nagar, Kondalampatti\nSalem,TAMIL NADU 636201"}],"drop_address":[{"drop_address":"\n#18, D.10, Settia GounderComplexBhavani Main Road, Sankagiri\nSankari,TAMIL NADU 637301"},{"drop_address":"\nABT Express,28 A , Kalingarayan Street Opp.Hotel Anandhas\nVanjipalayam,TAMIL NADU 641663"},{"drop_address":"\nBharathi Nagar, Coimbatore, Tamil Nadu 641006\nCoimbatore,TAMIL NADU 641004"}],"length":"17\u2019 Truck","tr_number":["1D5543"]}
{"pick_timestamp":"2022\/02\/26 19:00","customer_price":"10000.00","pic_address":[{"pic_address":"\n16\/2A,16\/2B,16\/3B,18\/1A,, PMP Nagar, Kondalampatti\nSalem,TAMIL NADU 636201"}],"drop_address":[{"drop_address":"\nTS No 8512\/1p,Periyar Nagar,RajagopalapurumPudukkottai622003\nPudukkottai,TAMIL NADU 622001"},{"drop_address":"\nConnect India 22, SUBRAMANIYAPURAM,4th STREET NORTH\nKaraikudi,TAMIL NADU 630001"},{"drop_address":"\nSivaganga\n,,\nSivaganga,TAMIL NADU 630561"}],"length":"17\u2019 Truck","tr_number":["32CF24"]}
{"pick_timestamp":"2022\/02\/26 21:30","customer_price":"89999.99","pic_address":[{"pic_address":"\nMustkil No:51,kila No:1,2,3 village Bhangrola tehsil\nGurugram,HARYANA 122001"}],"drop_address":[{"drop_address":"\nMahindra Logistics Limited, Bhagya Kalita Complex,\nNear:Kahikuch Gram Panchayat,\nGuwahati,ASSAM 781132"}],"length":"32' Truck","tr_number":["9633A1"]}
{"pick_timestamp":"2022\/02\/27 01:00","customer_price":"3321.00","pic_address":[{"pic_address":"\nL1, Farukh Nagar Logistic Park LLP, Tehsil Farukh Nagar\nGurgaon,HARYANA 122506"}],"drop_address":[{"drop_address":"\nAjit colony near indian petrol pump sunarian bypass\nRohtak,HARYANA 124001"},{"drop_address":"\nHaryanaShop No. 33, Old Deveshar Chungi,Shiv NagarLoharuRoad\nBhiwani,HARYANA 127021"}],"length":"20' Truck","tr_number":["393BA6"]}
{"pick_timestamp":"2022\/02\/27 02:00","customer_price":"37800.00","pic_address":[{"pic_address":"\nPlot 33 and 34, Arrjavv Industrial Warehouse Park,\nDankuni,WEST BENGAL 712310"}],"drop_address":[{"drop_address":"\nLK spaces, Rajlaxmi textile Park,Pogaon\nBhiwandi\nMumbai,MAHARASHTRA 421302"}],"length":"32' Truck","tr_number":["267072"]}
{"pick_timestamp":"2022\/02\/27 08:00","customer_price":"1840.53","pic_address":[{"pic_address":"\nDexterLogistics PvtLtd. HataPiparaech Rd,Nr IndianPetrolPump\nHata,UTTAR PRADESH 274203"}],"drop_address":[{"drop_address":"\nMain road OPP district jail near shardha hospital Deoria\nDeoria,UTTAR PRADESH 274001"}],"length":"7' Truck","tr_number":["2B6433"]}
{"pick_timestamp":"2022\/02\/27 09:00","customer_price":"3356.17","pic_address":[{"pic_address":"\nSivaganga\n,,\nSivaganga,TAMIL NADU 630561"}],"drop_address":[{"drop_address":"\nConnect India 22, SUBRAMANIYAPURAM,4th STREET NORTH\nKaraikudi,TAMIL NADU 630001"},{"drop_address":"\nTS No 8512\/1p,Periyar Nagar,RajagopalapurumPudukkottai622003\nPudukkottai,TAMIL NADU 622001"},{"drop_address":"\n16\/2A,16\/2B,16\/3B,18\/1A,, PMP Nagar, Kondalampatti\nSalem,TAMIL NADU 636201"}],"length":"17\u2019 Truck","tr_number":["08469F"]}
{"pick_timestamp":"2022\/02\/27 10:00","customer_price":"89999.99","pic_address":[{"pic_address":"\nMustkil No:51,kila No:1,2,3 village Bhangrola tehsil\nGurugram,HARYANA 122001"}],"drop_address":[{"drop_address":"\nMahindra Logistics Limited, Bhagya Kalita Complex,\nNear:Kahikuch Gram Panchayat,\nGuwahati,ASSAM 781132"}],"length":"32' Truck","tr_number":["A23A2D"]}
{"pick_timestamp":"2022\/02\/27 11:30","customer_price":"3321.00","pic_address":[{"pic_address":"\nABT Express,28 A , Kalingarayan Street Opp.Hotel Anandhas\nVanjipalayam,TAMIL NADU 641663"}],"drop_address":[{"drop_address":"\n#18, D.10, Settia GounderComplexBhavani Main Road, Sankagiri\nSankari,TAMIL NADU 637301"},{"drop_address":"\n16\/2A,16\/2B,16\/3B,18\/1A,, PMP Nagar, Kondalampatti\nSalem,TAMIL NADU 636201"}],"length":"17\u2019 Truck","tr_number":["FFED0A"]}
{"pick_timestamp":"2022\/02\/27 18:00","customer_price":"3000.00","pic_address":[{"pic_address":"\n16\/2A,16\/2B,16\/3B,18\/1A,, PMP Nagar, Kondalampatti\nSalem,TAMIL NADU 636201"}],"drop_address":[{"drop_address":"\n#18, D.10, Settia GounderComplexBhavani Main Road, Sankagiri\nSankari,TAMIL NADU 637301"},{"drop_address":"\nABT Express,28 A , Kalingarayan Street Opp.Hotel Anandhas\nVanjipalayam,TAMIL NADU 641663"},{"drop_address":"\nBharathi Nagar, Coimbatore, Tamil Nadu 641006\nCoimbatore,TAMIL NADU 641004"}],"length":"17\u2019 Truck","tr_number":["8376FE"]}
{"pick_timestamp":"2022\/02\/27 18:45","customer_price":"5369.00","pic_address":[{"pic_address":"\nBuilding No. B01, ESR Pune Estates Pvt Ltd\nVillage Ambethan, Tal: Khed\nPune,MAHARASHTRA 410501"}],"drop_address":[{"drop_address":"\nLK spaces, Rajlaxmi textile Park,Pogaon\nBhiwandi\nMumbai,MAHARASHTRA 421302"}],"length":"32' HQ Truck","tr_number":["D61A6B"]}
{"pick_timestamp":"2022\/02\/27 21:30","customer_price":"89999.99","pic_address":[{"pic_address":"\nMustkil No:51,kila No:1,2,3 village Bhangrola tehsil\nGurugram,HARYANA 122001"}],"drop_address":[{"drop_address":"\nMahindra Logistics Limited, Bhagya Kalita Complex,\nNear:Kahikuch Gram Panchayat,\nGuwahati,ASSAM 781132"}],"length":"32' Truck","tr_number":["7FB3C0"]}
{"pick_timestamp":"2022\/02\/28 02:00","customer_price":"37750.00","pic_address":[{"pic_address":"\nPlot 33 and 34, Arrjavv Industrial Warehouse Park,\nDankuni,WEST BENGAL 712310"}],"drop_address":[{"drop_address":"\nLK spaces, Rajlaxmi textile Park,Pogaon\nBhiwandi\nMumbai,MAHARASHTRA 421302"}],"length":"32' Truck","tr_number":["211658"]}
{"pick_timestamp":"2022\/02\/28 07:00","customer_price":"5250.00","pic_address":[{"pic_address":"\nLall Kalan, Behind Katani City, Near Meelon Bridge,\nLudhiana-Chandigarh Road, Village Katani Kalan,\nLudhiana,PUNJAB 141113"}],"drop_address":[{"drop_address":"\nC\/o M\/s SYNDICATE GODOWN CORPORATION\nKhasra no. 6\/19\/2, 20,21,22,23\/2, 24\/1\nManesar,HARYANA 123413"}],"length":"32' Truck","tr_number":["B0DD69"]}
{"pick_timestamp":"2022\/02\/28 09:00","customer_price":"3356.17","pic_address":[{"pic_address":"\nSivaganga\n,,\nSivaganga,TAMIL NADU 630561"}],"drop_address":[{"drop_address":"\nConnect India 22, SUBRAMANIYAPURAM,4th STREET NORTH\nKaraikudi,TAMIL NADU 630001"},{"drop_address":"\nTS No 8512\/1p,Periyar Nagar,RajagopalapurumPudukkottai622003\nPudukkottai,TAMIL NADU 622001"},{"drop_address":"\n16\/2A,16\/2B,16\/3B,18\/1A,, PMP Nagar, Kondalampatti\nSalem,TAMIL NADU 636201"}],"length":"17\u2019 Truck","tr_number":["00DD26"]}
{"pick_timestamp":"2022\/02\/28 10:00","customer_price":"4091.00","pic_address":[{"pic_address":"\nAnjaneya Infrastructure Project No.38 & 39 Soukya Road, Kach\nBangalore,KARNATAKA 560067"}],"drop_address":[{"drop_address":"\nHitech, Defence and Aerospace Park, Devanahalli\nBengaluru,KARNATAKA 562149"}],"length":"32' Truck","tr_number":["28191B"]}
{"pick_timestamp":"2022\/02\/28 10:00","customer_price":"89999.99","pic_address":[{"pic_address":"\nMustkil No:51,kila No:1,2,3 village Bhangrola tehsil\nGurugram,HARYANA 122001"}],"drop_address":[{"drop_address":"\nMahindra Logistics Limited, Bhagya Kalita Complex,\nNear:Kahikuch Gram Panchayat,\nGuwahati,ASSAM 781132"}],"length":"32' Truck","tr_number":["E62153"]}
{"pick_timestamp":"2022\/02\/28 10:00","customer_price":"5385.38","pic_address":[{"pic_address":"\nKhasra No: 37,40,41,42, Bijnaur Peppersand Road\nLucknow,UTTAR PRADESH 226002"}],"drop_address":[{"drop_address":"\nC\/o M\/s SYNDICATE GODOWN CORPORATION\nKhasra no. 6\/19\/2, 20,21,22,23\/2, 24\/1\nManesar,HARYANA 123413"}],"length":"32' Truck","tr_number":["9F4170"]}
{"pick_timestamp":"2022\/02\/28 11:00","customer_price":"5250.00","pic_address":[{"pic_address":"\nKhasra numbers:444-P,445-P,459-P, 460-474,475-P,476-482\n483-P,491,492,493-P, Village Bhaukapur,Tehsil-Sarojini Nagar\nLucknow,UTTAR PRADESH 226401"}],"drop_address":[{"drop_address":"\nC\/o M\/s SYNDICATE GODOWN CORPORATION\nKhasra no. 6\/19\/2, 20,21,22,23\/2, 24\/1\nManesar,HARYANA 123413"}],"length":"32' Truck","tr_number":["84E7CB"]}
{"pick_timestamp":"2022\/02\/28 11:30","customer_price":"3107.00","pic_address":[{"pic_address":"\nABT Express,28 A , Kalingarayan Street Opp.Hotel Anandhas\nVanjipalayam,TAMIL NADU 641663"}],"drop_address":[{"drop_address":"\n#18, D.10, Settia GounderComplexBhavani Main Road, Sankagiri\nSankari,TAMIL NADU 637301"},{"drop_address":"\n16\/2A,16\/2B,16\/3B,18\/1A,, PMP Nagar, Kondalampatti\nSalem,TAMIL NADU 636201"}],"length":"17\u2019 Truck","tr_number":["8E0981"]}
{"pick_timestamp":"2022\/02\/28 18:00","customer_price":"22125.01","pic_address":[{"pic_address":"\nAnjaneya Infrastructure Project No.38 & 39, Soukya Road, Kac\nBangalore,KARNATAKA 560067"}],"drop_address":[{"drop_address":"\nFalcon Infrastructure Ltd. Survey121,122,123, Eloor Village\nUdyogamandal,KERALA 683511"}],"length":"32' Truck","tr_number":["03C8C6"]}
{"pick_timestamp":"2022\/02\/28 18:00","customer_price":"3000.00","pic_address":[{"pic_address":"\n16\/2A,16\/2B,16\/3B,18\/1A,, PMP Nagar, Kondalampatti\nSalem,TAMIL NADU 636201"}],"drop_address":[{"drop_address":"\n#18, D.10, Settia GounderComplexBhavani Main Road, Sankagiri\nSankari,TAMIL NADU 637301"},{"drop_address":"\nABT Express,28 A , Kalingarayan Street Opp.Hotel Anandhas\nVanjipalayam,TAMIL NADU 641663"},{"drop_address":"\nBharathi Nagar, Coimbatore, Tamil Nadu 641006\nCoimbatore,TAMIL NADU 641004"}],"length":"17\u2019 Truck","tr_number":["B56DD4"]}
{"pick_timestamp":"2022\/02\/28 18:45","customer_price":"4316.11","pic_address":[{"pic_address":"\nBuilding No. B01, ESR Pune Estates Pvt Ltd\nVillage Ambethan, Tal: Khed\nPune,MAHARASHTRA 410501"}],"drop_address":[{"drop_address":"\nLK spaces, Rajlaxmi textile Park,Pogaon\nBhiwandi\nMumbai,MAHARASHTRA 421302"}],"length":"32' HQ Truck","tr_number":["131008"]}
{"pick_timestamp":"2022\/02\/28 19:00","customer_price":"16500.00","pic_address":[{"pic_address":"\nPlot no. 120 (X) and part portion of plot no. 119 (W2\nBavla,GUJARAT 382220"}],"drop_address":[{"drop_address":"\nRoyal Warehousing and Logistics LLP, Survey Number 45\nHissa No.4A, Village Pise Village, Aamne Post\nBhiwandi,MAHARASHTRA 421302"}],"length":"32' Truck","tr_number":["91A113"]}
{"pick_timestamp":"2022\/02\/28 21:30","customer_price":"89999.99","pic_address":[{"pic_address":"\nMustkil No:51,kila No:1,2,3 village Bhangrola tehsil\nGurugram,HARYANA 122001"}],"drop_address":[{"drop_address":"\nMahindra Logistics Limited, Bhagya Kalita Complex,\nNear:Kahikuch Gram Panchayat,\nGuwahati,ASSAM 781132"}],"length":"32' Truck","tr_number":["94CCDD"]}
{"pick_timestamp":"2022\/03\/01 02:00","customer_price":"35750.00","pic_address":[{"pic_address":"\nPlot 33 and 34, Arrjavv Industrial Warehouse Park,\nDankuni,WEST BENGAL 712310"}],"drop_address":[{"drop_address":"\nLK spaces, Rajlaxmi textile Park,Pogaon\nBhiwandi\nMumbai,MAHARASHTRA 421302"}],"length":"32' Truck","tr_number":["F9E09A"]}
{"pick_timestamp":"2022\/03\/01 10:00","customer_price":"14750.00","pic_address":[{"pic_address":"\nAmta Industrial Park, Amta, Mouza: Majukhetra,Dist \u2013 Howrah\nKolkata,WEST BENGAL 711313"}],"drop_address":[{"drop_address":"\nPlot No.755\/56\/57\/58, Khasra Number -1919\/24\/25\/41,\nMauza, Sabalpur, Patna, Bihar\nPatna,Bihar 800009"}],"length":"32' Truck","tr_number":["19C9E4"]}
{"pick_timestamp":"2022\/03\/01 10:00","customer_price":"7211.56","pic_address":[{"pic_address":"\nKh No 554 to 558,560 to 583,600 to 606\nBagru Rawan,N.H.8,Tehsil Sanganer\nBagru,RAJASTHAN 303007"}],"drop_address":[{"drop_address":"\nC\/o M\/s SYNDICATE GODOWN CORPORATION\nKhasra no. 6\/19\/2, 20,21,22,23\/2, 24\/1\nManesar,HARYANA 123413"}],"length":"32' Truck","tr_number":["E6A3D2"]}
{"pick_timestamp":"2022\/03\/01 11:30","customer_price":"3000.00","pic_address":[{"pic_address":"\nABT Express,28 A , Kalingarayan Street Opp.Hotel Anandhas\nVanjipalayam,TAMIL NADU 641663"}],"drop_address":[{"drop_address":"\n#18, D.10, Settia GounderComplexBhavani Main Road, Sankagiri\nSankari,TAMIL NADU 637301"},{"drop_address":"\n16\/2A,16\/2B,16\/3B,18\/1A,, PMP Nagar, Kondalampatti\nSalem,TAMIL NADU 636201"}],"length":"17\u2019 Truck","tr_number":["C326AE"]}
{"pick_timestamp":"2022\/03\/01 12:00","customer_price":"4243.45","pic_address":[{"pic_address":"\nVillage Dugri, (H.B.No. 220),Tehsil Payal District,\nLudhiana,PUNJAB 141113"}],"drop_address":[{"drop_address":"\nC\/o M\/s SYNDICATE GODOWN CORPORATION\nKhasra no. 6\/19\/2, 20,21,22,23\/2, 24\/1\nManesar,HARYANA 123413"}],"length":"32' Truck","tr_number":["C6A077"]}
{"pick_timestamp":"2022\/03\/01 16:00","customer_price":"7000.00","pic_address":[{"pic_address":"\nGokaldas warehousing corporation, Village Taoru, Tehsil Taor\nGurgaon,HARYANA 122105"}],"drop_address":[{"drop_address":"\nKhasra numbers:444-P,445-P,459-P, 460-474,475-P,476-482\n483-P,491,492,493-P, Village Bhaukapur,Tehsil-Sarojini Nagar\nLucknow,UTTAR PRADESH 226401"}],"length":"32' Truck","tr_number":["A2A98B"]}
{"pick_timestamp":"2022\/03\/01 17:30","customer_price":"15250.00","pic_address":[{"pic_address":"\nThana No-49 Khata No-139,142,143,144 Khasra No-1054,1079,108\nDist- Patna, Bihar 801109\nPatna,Bihar 801105"}],"drop_address":[{"drop_address":"\nManoj Kumar keshan Gattani industries Mouza. Satgharia JL n\nHowrah,WEST BENGAL 712306"}],"length":"32' Truck","tr_number":["A5D140"]}
{"pick_timestamp":"2022\/03\/01 18:45","customer_price":"5105.78","pic_address":[{"pic_address":"\nBuilding No. B01, ESR Pune Estates Pvt Ltd\nVillage Ambethan, Tal: Khed\nPune,MAHARASHTRA 410501"}],"drop_address":[{"drop_address":"\nLK spaces, Rajlaxmi textile Park,Pogaon\nBhiwandi\nMumbai,MAHARASHTRA 421302"}],"length":"32' HQ Truck","tr_number":["33E85A"]}
{"pick_timestamp":"2022\/03\/02 02:00","customer_price":"35750.00","pic_address":[{"pic_address":"\nPlot 33 and 34, Arrjavv Industrial Warehouse Park,\nDankuni,WEST BENGAL 712310"}],"drop_address":[{"drop_address":"\nLK spaces, Rajlaxmi textile Park,Pogaon\nBhiwandi\nMumbai,MAHARASHTRA 421302"}],"length":"32' Truck","tr_number":["9F43E2"]}
{"pick_timestamp":"2022\/03\/02 06:00","customer_price":"17000.00","pic_address":[{"pic_address":"\nGokaldas warehousing corporation, Village Taoru, Tehsil Taor\nGurgaon,HARYANA 122105"}],"drop_address":[{"drop_address":"\nPlot no. 120 (X) and part portion of plot no. 119 (W2\nBavla,GUJARAT 382220"}],"length":"32' Truck","tr_number":["FCF063"]}
{"pick_timestamp":"2022\/03\/02 10:00","customer_price":"3950.00","pic_address":[{"pic_address":"\nAnjaneya Infrastructure Project No.38 & 39 Soukya Road, Kach\nBangalore,KARNATAKA 560067"}],"drop_address":[{"drop_address":"\nHitech, Defence and Aerospace Park, Devanahalli\nBengaluru,KARNATAKA 562149"}],"length":"32' Truck","tr_number":["0C9B28"]}
{"pick_timestamp":"2022\/03\/02 11:00","customer_price":"6750.00","pic_address":[{"pic_address":"\nKhasra numbers:444-P,445-P,459-P, 460-474,475-P,476-482\n483-P,491,492,493-P, Village Bhaukapur,Tehsil-Sarojini Nagar\nLucknow,UTTAR PRADESH 226401"}],"drop_address":[{"drop_address":"\nC\/o M\/s SYNDICATE GODOWN CORPORATION\nKhasra no. 6\/19\/2, 20,21,22,23\/2, 24\/1\nManesar,HARYANA 123413"}],"length":"32' Truck","tr_number":["66A7AB"]}
{"pick_timestamp":"2022\/03\/02 12:00","customer_price":"33300.00","pic_address":[{"pic_address":"\nPlot 12\/P2, Defence and Aerospace park, Devanahalli,\nBengaluru,KARNATAKA 560012"}],"drop_address":[{"drop_address":"\nBuilding Nos. 1 and 2, Agsons Global Logistics Park, Agsons\nSonipat,HARYANA 131021"}],"length":"32' Truck","tr_number":["ACB59B"]}
{"pick_timestamp":"2022\/03\/02 18:45","customer_price":"5369.00","pic_address":[{"pic_address":"\nBuilding No. B01, ESR Pune Estates Pvt Ltd\nVillage Ambethan, Tal: Khed\nPune,MAHARASHTRA 410501"}],"drop_address":[{"drop_address":"\nLK spaces, Rajlaxmi textile Park,Pogaon\nBhiwandi\nMumbai,MAHARASHTRA 421302"}],"length":"32' HQ Truck","tr_number":["FDF110"]}
{"pick_timestamp":"2022\/03\/02 19:00","customer_price":"18500.00","pic_address":[{"pic_address":"\nAmta Industrial Park, Amta\nMouza, Majukhetra\nKolkata,WEST BENGAL 711401"}],"drop_address":[{"drop_address":"\nAmta Industrial Park\nAmta,WEST BENGAL 711401"},{"drop_address":"\nNear Amazon\/TCI Express W\/h\nVillage - Kanchanbari, PO -Fulbari Hat\nJalpaiguri,West Bengal 734015"}],"length":"20' Truck","tr_number":["C77765"]}
{"pick_timestamp":"2022\/03\/02 19:00","customer_price":"17000.00","pic_address":[{"pic_address":"\nPlot no. 120 (X) and part portion of plot no. 119 (W2\nBavla,GUJARAT 382220"}],"drop_address":[{"drop_address":"\nRoyal Warehousing and Logistics LLP, Survey Number 45\nHissa No.4A, Village Pise Village, Aamne Post\nBhiwandi,MAHARASHTRA 421302"}],"length":"32' Truck","tr_number":["49025C"]}
{"pick_timestamp":"2022\/03\/02 21:30","customer_price":"17000.00","pic_address":[{"pic_address":"\nNear to Kalawati Hospital research center, shirodi, Namkum\nRanchi,JHARKHAND 834001"}],"drop_address":[{"drop_address":"\nManoj Kumar keshan Gattani industries Mouza. Satgharia JL n\nHowrah,WEST BENGAL 712306"}],"length":"32' Truck","tr_number":["6E8A74"]}
{"pick_timestamp":"2022\/03\/03 02:00","customer_price":"35750.00","pic_address":[{"pic_address":"\nPlot 33 and 34, Arrjavv Industrial Warehouse Park,\nDankuni,WEST BENGAL 712310"}],"drop_address":[{"drop_address":"\nLK spaces, Rajlaxmi textile Park,Pogaon\nBhiwandi\nMumbai,MAHARASHTRA 421302"}],"length":"32' Truck","tr_number":["9C3A4A"]}
{"pick_timestamp":"2022\/03\/03 09:30","customer_price":"4019.50","pic_address":[{"pic_address":"\nAmazon Seller Service Pvt Ltd, Yusen Logistics India Pvt Ltd\nNo. 97,5 , Koralur Village, Thirumalashettihally Cross,\nBengaluru,KARNATAKA 560067"}],"drop_address":[{"drop_address":"\nBROADVIEW CONSTRUCTIONS AND HOLDINGS PVT LTD.\nSurvey No.153-1 153-2226-2,229-2,230-2\nCoimbatore,TAMIL NADU 641201"}],"length":"20' Truck","tr_number":["7A1FD5"]}
{"pick_timestamp":"2022\/03\/03 10:00","customer_price":"33000.00","pic_address":[{"pic_address":"\nGokaldas warehousing corporation, Village Taoru, Tehsil Taor\nGurgaon,HARYANA 122105"}],"drop_address":[{"drop_address":"\nGMR Airport City Survey No. 99\/1, Mamidipally Village\nShamshabad, Hyderabad,Telangana 500108"}],"length":"32' Truck","tr_number":["3E986C"]}
{"pick_timestamp":"2022\/03\/03 13:00","customer_price":"6500.00","pic_address":[{"pic_address":"\nKosmadi Patiya, Valthan Village\nSurat,GUJARAT 394185"}],"drop_address":[{"drop_address":"\nAMAZON SELLER SERVICE PRIVATE LIMITED C\/o Yusen Logistics (I\nTaluka- Sanand\nAhmedabad,GUJARAT 382213"}],"length":"32' Truck","tr_number":["E3FFBA"]}
{"pick_timestamp":"2022\/03\/03 19:00","customer_price":"17000.00","pic_address":[{"pic_address":"\nPlot no. 120 (X) and part portion of plot no. 119 (W2\nBavla,GUJARAT 382220"}],"drop_address":[{"drop_address":"\nRoyal Warehousing and Logistics LLP, Survey Number 45\nHissa No.4A, Village Pise Village, Aamne Post\nBhiwandi,MAHARASHTRA 421302"}],"length":"32' Truck","tr_number":["44C46D"]}
{"pick_timestamp":"2022\/03\/04 02:00","customer_price":"35500.00","pic_address":[{"pic_address":"\nPlot 33 and 34, Arrjavv Industrial Warehouse Park,\nDankuni,WEST BENGAL 712310"}],"drop_address":[{"drop_address":"\nLK spaces, Rajlaxmi textile Park,Pogaon\nBhiwandi\nMumbai,MAHARASHTRA 421302"}],"length":"32' Truck","tr_number":["13FF79"]}
{"pick_timestamp":"2022\/03\/04 06:00","customer_price":"13250.00","pic_address":[{"pic_address":"\nGokaldas warehousing corporation, Village Taoru, Tehsil Taor\nGurgaon,HARYANA 122105"}],"drop_address":[{"drop_address":"\nPlot no. 120 (X) and part portion of plot no. 119 (W2\nBavla,GUJARAT 382220"}],"length":"32' Truck","tr_number":["510429"]}
{"pick_timestamp":"2022\/03\/04 07:00","customer_price":"4932.00","pic_address":[{"pic_address":"\nLall Kalan, Behind Katani City, Near Meelon Bridge,\nLudhiana-Chandigarh Road, Village Katani Kalan,\nLudhiana,PUNJAB 141113"}],"drop_address":[{"drop_address":"\nC\/o M\/s SYNDICATE GODOWN CORPORATION\nKhasra no. 6\/19\/2, 20,21,22,23\/2, 24\/1\nManesar,HARYANA 123413"}],"length":"32' Truck","tr_number":["C9C719"]}
{"pick_timestamp":"2022\/03\/04 07:00","customer_price":"9000.00","pic_address":[{"pic_address":"\nKhasra No. 511,512,518,519,520,522\nVillage Bajehra, Tehsil Hasanganj\nUnnao,UTTAR PRADESH 209801"}],"drop_address":[{"drop_address":"\nkhasra no, 100\/22,23,21,101\/25\/2 akbar pur barota\nSonipat,Haryana 131029"}],"length":"32' Truck","tr_number":["850142"]}
{"pick_timestamp":"2022\/03\/04 10:00","customer_price":"3950.00","pic_address":[{"pic_address":"\nAnjaneya Infrastructure Project No.38 & 39 Soukya Road, Kach\nBangalore,KARNATAKA 560067"}],"drop_address":[{"drop_address":"\nHitech, Defence and Aerospace Park, Devanahalli\nBengaluru,KARNATAKA 562149"}],"length":"32' Truck","tr_number":["F568D0"]}
{"pick_timestamp":"2022\/03\/04 10:00","customer_price":"5632.22","pic_address":[{"pic_address":"\nKh No 554 to 558,560 to 583,600 to 606\nBagru Rawan,N.H.8,Tehsil Sanganer\nBagru,RAJASTHAN 303007"}],"drop_address":[{"drop_address":"\nC\/o M\/s SYNDICATE GODOWN CORPORATION\nKhasra no. 6\/19\/2, 20,21,22,23\/2, 24\/1\nManesar,HARYANA 123413"}],"length":"32' Truck","tr_number":["54D8F5"]}
{"pick_timestamp":"2022\/03\/04 11:00","customer_price":"6750.00","pic_address":[{"pic_address":"\nKhasra numbers:444-P,445-P,459-P, 460-474,475-P,476-482\n483-P,491,492,493-P, Village Bhaukapur,Tehsil-Sarojini Nagar\nLucknow,UTTAR PRADESH 226401"}],"drop_address":[{"drop_address":"\nC\/o M\/s SYNDICATE GODOWN CORPORATION\nKhasra no. 6\/19\/2, 20,21,22,23\/2, 24\/1\nManesar,HARYANA 123413"}],"length":"32' Truck","tr_number":["6261B4"]}
{"pick_timestamp":"2022\/03\/04 12:00","customer_price":"4250.00","pic_address":[{"pic_address":"\nVillage Dugri, (H.B.No. 220),Tehsil Payal District,\nLudhiana,PUNJAB 141113"}],"drop_address":[{"drop_address":"\nC\/o M\/s SYNDICATE GODOWN CORPORATION\nKhasra no. 6\/19\/2, 20,21,22,23\/2, 24\/1\nManesar,HARYANA 123413"}],"length":"32' Truck","tr_number":["389525"]}
{"pick_timestamp":"2022\/03\/04 18:00","customer_price":"5105.78","pic_address":[{"pic_address":"\nLK spaces, Rajlaxmi textile Park,Pogaon\nBhiwandi\nMumbai,MAHARASHTRA 421302"}],"drop_address":[{"drop_address":"\nPlot No1,MIDC CWC Telco Road, Pimpri Pune, PCMC Ward Non 21\nPimpri Chinchwad,MAHARASHTRA 411018"}],"length":"32' HQ Truck","tr_number":["85F12C"]}
{"pick_timestamp":"2022\/03\/04 18:45","customer_price":"6158.67","pic_address":[{"pic_address":"\nBuilding No. B01, ESR Pune Estates Pvt Ltd\nVillage Ambethan, Tal: Khed\nPune,MAHARASHTRA 410501"}],"drop_address":[{"drop_address":"\nLK spaces, Rajlaxmi textile Park,Pogaon\nBhiwandi\nMumbai,MAHARASHTRA 421302"}],"length":"32' HQ Truck","tr_number":["51C0BC"]}
{"pick_timestamp":"2022\/03\/04 19:00","customer_price":"27599.45","pic_address":[{"pic_address":"\nAmta Industrial Park, Amta\nMouza, Majukhetra\nKolkata,WEST BENGAL 711401"}],"drop_address":[{"drop_address":"\nAmta Industrial Park\nAmta,WEST BENGAL 711401"},{"drop_address":"\nNear Amazon\/TCI Express W\/h\nVillage - Kanchanbari, PO -Fulbari Hat\nJalpaiguri,West Bengal 734015"}],"length":"20' Truck","tr_number":["BEBA14"]}
{"pick_timestamp":"2022\/03\/05 02:00","customer_price":"35500.00","pic_address":[{"pic_address":"\nPlot 33 and 34, Arrjavv Industrial Warehouse Park,\nDankuni,WEST BENGAL 712310"}],"drop_address":[{"drop_address":"\nLK spaces, Rajlaxmi textile Park,Pogaon\nBhiwandi\nMumbai,MAHARASHTRA 421302"}],"length":"32' Truck","tr_number":["625A08"]}
{"pick_timestamp":"2022\/03\/05 15:00","customer_price":"24000.00","pic_address":[{"pic_address":"\nNear Amazon\/TCI Express W\/h\nVillage - Kanchanbari, PO -Fulbari Hat\nJalpaiguri,West Bengal 734015"}],"drop_address":[{"drop_address":"\nAmta Industrial Park, Amta\nMouza, Majukhetra\nKolkata,WEST BENGAL 711401"}],"length":"20' Truck","tr_number":["9EFCDD"]}
{"pick_timestamp":"2022\/03\/06 16:00","customer_price":"7000.00","pic_address":[{"pic_address":"\nGokaldas warehousing corporation, Village Taoru, Tehsil Taor\nGurgaon,HARYANA 122105"}],"drop_address":[{"drop_address":"\nKhasra numbers:444-P,445-P,459-P, 460-474,475-P,476-482\n483-P,491,492,493-P, Village Bhaukapur,Tehsil-Sarojini Nagar\nLucknow,UTTAR PRADESH 226401"}],"length":"32' Truck","tr_number":["2500A8"]}
{"pick_timestamp":"2022\/03\/07 06:00","customer_price":"16500.00","pic_address":[{"pic_address":"\nGokaldas warehousing corporation, Village Taoru, Tehsil Taor\nGurgaon,HARYANA 122105"}],"drop_address":[{"drop_address":"\nPlot no. 120 (X) and part portion of plot no. 119 (W2\nBavla,GUJARAT 382220"}],"length":"32' Truck","tr_number":["F6E693"]}
{"pick_timestamp":"2022\/03\/07 19:00","customer_price":"19250.00","pic_address":[{"pic_address":"\nAmta Industrial Park, Amta\nMouza, Majukhetra\nKolkata,WEST BENGAL 711401"}],"drop_address":[{"drop_address":"\nAmta Industrial Park\nAmta,WEST BENGAL 711401"},{"drop_address":"\nNear Amazon\/TCI Express W\/h\nVillage - Kanchanbari, PO -Fulbari Hat\nJalpaiguri,West Bengal 734015"}],"length":"20' Truck","tr_number":["D9301D"]}
{"pick_timestamp":"2022\/03\/08 16:00","customer_price":"15250.00","pic_address":[{"pic_address":"\nGokaldas warehousing corporation, Village Taoru, Tehsil Taor\nGurgaon,HARYANA 122105"}],"drop_address":[{"drop_address":"\nKhasra numbers:444-P,445-P,459-P, 460-474,475-P,476-482\n483-P,491,492,493-P, Village Bhaukapur,Tehsil-Sarojini Nagar\nLucknow,UTTAR PRADESH 226401"}],"length":"32' Truck","tr_number":["FCD3B1"]}
{"pick_timestamp":"2022\/03\/09 06:00","customer_price":"16500.00","pic_address":[{"pic_address":"\nGokaldas warehousing corporation, Village Taoru, Tehsil Taor\nGurgaon,HARYANA 122105"}],"drop_address":[{"drop_address":"\nPlot no. 120 (X) and part portion of plot no. 119 (W2\nBavla,GUJARAT 382220"}],"length":"32' Truck","tr_number":["045D19"]}
{"pick_timestamp":"2022\/03\/09 18:00","customer_price":"35000.00","pic_address":[{"pic_address":"\nWarehouse C F, Sai Dham Logistics Park\nVillage Dohale, Post Padgha, Taluka Bhiwandi\nPadagha,MAHARASHTRA 421101"}],"drop_address":[{"drop_address":"\nMahindra Logistics, Shop No 1,2 and 3\nopp Ganesh Nagar, Piplaj Pirana Road\nAhmedabad,GUJARAT 382405"},{"drop_address":"\n24byA, Jhotwara Industrial Area\nAnand Chowk, Near Lafarge\nJaipur,RAJASTHAN 302012"}],"length":"20' Truck","tr_number":["ED74C4"]}
{"pick_timestamp":"2022\/03\/10 11:00","customer_price":"3789.67","pic_address":[{"pic_address":"\nBearing No.5 IndoSpace Industrial Park Chakan-II,Taluka-Khed\nPune,MAHARASHTRA 410501"}],"drop_address":[{"drop_address":"\nno5 BGR Logistics park Near Shiv Sagar Hotel , Village Vahul\nBhiwandi,MAHARASHTRA 421302"}],"length":"20' Truck","tr_number":["5F80DD"]}
{"pick_timestamp":"2022\/03\/11 06:00","customer_price":"13000.00","pic_address":[{"pic_address":"\nGokaldas warehousing corporation, Village Taoru, Tehsil Taor\nGurgaon,HARYANA 122105"}],"drop_address":[{"drop_address":"\nPlot no. 120 (X) and part portion of plot no. 119 (W2\nBavla,GUJARAT 382220"}],"length":"32' Truck","tr_number":["AD7B34"]}
{"pick_timestamp":"2022\/03\/11 19:00","customer_price":"27599.45","pic_address":[{"pic_address":"\nAmta Industrial Park, Amta\nMouza, Majukhetra\nKolkata,WEST BENGAL 711401"}],"drop_address":[{"drop_address":"\nAmta Industrial Park\nAmta,WEST BENGAL 711401"},{"drop_address":"\nNear Amazon\/TCI Express W\/h\nVillage - Kanchanbari, PO -Fulbari Hat\nJalpaiguri,West Bengal 734015"}],"length":"20' Truck","tr_number":["BBC899"]}
{"pick_timestamp":"2022\/03\/13 16:00","customer_price":"14750.00","pic_address":[{"pic_address":"\nGokaldas warehousing corporation, Village Taoru, Tehsil Taor\nGurgaon,HARYANA 122105"}],"drop_address":[{"drop_address":"\nKhasra numbers:444-P,445-P,459-P, 460-474,475-P,476-482\n483-P,491,492,493-P, Village Bhaukapur,Tehsil-Sarojini Nagar\nLucknow,UTTAR PRADESH 226401"}],"length":"32' Truck","tr_number":["6DB944"]}
{"pick_timestamp":"2022\/03\/14 06:00","customer_price":"11973.00","pic_address":[{"pic_address":"\nGokaldas warehousing corporation, Village Taoru, Tehsil Taor\nGurgaon,HARYANA 122105"}],"drop_address":[{"drop_address":"\nPlot no. 120 (X) and part portion of plot no. 119 (W2\nBavla,GUJARAT 382220"}],"length":"32' Truck","tr_number":["160B0E"]}
{"pick_timestamp":"2022\/03\/14 19:00","customer_price":"20000.00","pic_address":[{"pic_address":"\nAmta Industrial Park, Amta\nMouza, Majukhetra\nKolkata,WEST BENGAL 711401"}],"drop_address":[{"drop_address":"\nAmta Industrial Park\nAmta,WEST BENGAL 711401"},{"drop_address":"\nNear Amazon\/TCI Express W\/h\nVillage - Kanchanbari, PO -Fulbari Hat\nJalpaiguri,West Bengal 734015"}],"length":"20' Truck","tr_number":["F09D2F"]}
{"pick_timestamp":"2022\/03\/15 16:00","customer_price":"15250.00","pic_address":[{"pic_address":"\nGokaldas warehousing corporation, Village Taoru, Tehsil Taor\nGurgaon,HARYANA 122105"}],"drop_address":[{"drop_address":"\nKhasra numbers:444-P,445-P,459-P, 460-474,475-P,476-482\n483-P,491,492,493-P, Village Bhaukapur,Tehsil-Sarojini Nagar\nLucknow,UTTAR PRADESH 226401"}],"length":"32' Truck","tr_number":["E8843B"]}
{"pick_timestamp":"2022\/03\/16 06:00","customer_price":"11973.00","pic_address":[{"pic_address":"\nGokaldas warehousing corporation, Village Taoru, Tehsil Taor\nGurgaon,HARYANA 122105"}],"drop_address":[{"drop_address":"\nPlot no. 120 (X) and part portion of plot no. 119 (W2\nBavla,GUJARAT 382220"}],"length":"32' Truck","tr_number":["725DA7"]}
{"pick_timestamp":"2022\/03\/18 06:00","customer_price":"16000.00","pic_address":[{"pic_address":"\nGokaldas warehousing corporation, Village Taoru, Tehsil Taor\nGurgaon,HARYANA 122105"}],"drop_address":[{"drop_address":"\nPlot no. 120 (X) and part portion of plot no. 119 (W2\nBavla,GUJARAT 382220"}],"length":"32' Truck","tr_number":["FE192B"]}
{"pick_timestamp":"2022\/03\/18 11:00","customer_price":"42750.00","pic_address":[{"pic_address":"\nMahindra Logistics, Shop No 1,2 and 3\nopp Ganesh Nagar, Piplaj Pirana Road\nAhmedabad,GUJARAT 382405"}],"drop_address":[{"drop_address":"\nWarehouse C F, Sai Dham Logistics Park\nVillage Dohale, Post Padgha, Taluka Bhiwandi\nPadagha,MAHARASHTRA 421101"},{"drop_address":"\nSy No:475 and others, Zeromile warehousing Park,Medchal\nTurkapally,TELANGANA 501401"}],"length":"24\u2019 Truck","tr_number":["B4F3D3"]}
{"pick_timestamp":"2022\/03\/18 19:00","customer_price":"27599.45","pic_address":[{"pic_address":"\nAmta Industrial Park, Amta\nMouza, Majukhetra\nKolkata,WEST BENGAL 711401"}],"drop_address":[{"drop_address":"\nAmta Industrial Park\nAmta,WEST BENGAL 711401"},{"drop_address":"\nNear Amazon\/TCI Express W\/h\nVillage - Kanchanbari, PO -Fulbari Hat\nJalpaiguri,West Bengal 734015"}],"length":"20' Truck","tr_number":["7C38C6"]}
{"pick_timestamp":"2022\/03\/21 19:00","customer_price":"27599.45","pic_address":[{"pic_address":"\nAmta Industrial Park, Amta\nMouza, Majukhetra\nKolkata,WEST BENGAL 711401"}],"drop_address":[{"drop_address":"\nAmta Industrial Park\nAmta,WEST BENGAL 711401"},{"drop_address":"\nNear Amazon\/TCI Express W\/h\nVillage - Kanchanbari, PO -Fulbari Hat\nJalpaiguri,West Bengal 734015"}],"length":"20' Truck","tr_number":["E329A3"]}
{"pick_timestamp":"2022\/03\/23 19:00","customer_price":"19500.00","pic_address":[{"pic_address":"\nAmta Industrial Park, Amta\nMouza, Majukhetra\nKolkata,WEST BENGAL 711401"}],"drop_address":[{"drop_address":"\nAmta Industrial Park\nAmta,WEST BENGAL 711401"},{"drop_address":"\nNear Amazon\/TCI Express W\/h\nVillage - Kanchanbari, PO -Fulbari Hat\nJalpaiguri,West Bengal 734015"}],"length":"20' Truck","tr_number":["3E961D"]}
{"pick_timestamp":"2022\/03\/24 11:00","customer_price":"4316.11","pic_address":[{"pic_address":"\nBearing No.5 IndoSpace Industrial Park Chakan-II,Taluka-Khed\nPune,MAHARASHTRA 410501"}],"drop_address":[{"drop_address":"\nno5 BGR Logistics park Near Shiv Sagar Hotel , Village Vahul\nBhiwandi,MAHARASHTRA 421302"}],"length":"20' Truck","tr_number":["668701"]}
{"pick_timestamp":"2022\/03\/25 18:00","customer_price":"34500.00","pic_address":[{"pic_address":"\nWarehouse C F, Sai Dham Logistics Park\nVillage Dohale, Post Padgha, Taluka Bhiwandi\nPadagha,MAHARASHTRA 421101"}],"drop_address":[{"drop_address":"\nMahindra Logistics, Shop No 1,2 and 3\nopp Ganesh Nagar, Piplaj Pirana Road\nAhmedabad,GUJARAT 382405"},{"drop_address":"\n24byA, Jhotwara Industrial Area\nAnand Chowk, Near Lafarge\nJaipur,RAJASTHAN 302012"}],"length":"20' Truck","tr_number":["7A6C3A"]}
{"pick_timestamp":"2022\/03\/25 19:00","customer_price":"19500.00","pic_address":[{"pic_address":"\nAmta Industrial Park, Amta\nMouza, Majukhetra\nKolkata,WEST BENGAL 711401"}],"drop_address":[{"drop_address":"\nAmta Industrial Park\nAmta,WEST BENGAL 711401"},{"drop_address":"\nNear Amazon\/TCI Express W\/h\nVillage - Kanchanbari, PO -Fulbari Hat\nJalpaiguri,West Bengal 734015"}],"length":"20' Truck","tr_number":["EAB1F3"]}
{"pick_timestamp":"2022\/03\/28 19:00","customer_price":"27599.45","pic_address":[{"pic_address":"\nAmta Industrial Park, Amta\nMouza, Majukhetra\nKolkata,WEST BENGAL 711401"}],"drop_address":[{"drop_address":"\nAmta Industrial Park\nAmta,WEST BENGAL 711401"},{"drop_address":"\nNear Amazon\/TCI Express W\/h\nVillage - Kanchanbari, PO -Fulbari Hat\nJalpaiguri,West Bengal 734015"}],"length":"20' Truck","tr_number":["63C48D"]}
{"pick_timestamp":"2022\/03\/30 19:00","customer_price":"27250.00","pic_address":[{"pic_address":"\nAmta Industrial Park, Amta\nMouza, Majukhetra\nKolkata,WEST BENGAL 711401"}],"drop_address":[{"drop_address":"\nAmta Industrial Park\nAmta,WEST BENGAL 711401"},{"drop_address":"\nNear Amazon\/TCI Express W\/h\nVillage - Kanchanbari, PO -Fulbari Hat\nJalpaiguri,West Bengal 734015"}],"length":"20' Truck","tr_number":["422FF4"]}
{"pick_timestamp":"2022\/03\/31 11:00","customer_price":"4316.11","pic_address":[{"pic_address":"\nBearing No.5 IndoSpace Industrial Park Chakan-II,Taluka-Khed\nPune,MAHARASHTRA 410501"}],"drop_address":[{"drop_address":"\nno5 BGR Logistics park Near Shiv Sagar Hotel , Village Vahul\nBhiwandi,MAHARASHTRA 421302"}],"length":"20' Truck","tr_number":["56C688"]}
Json all Data Size : 89
status code :200
response body :{"response":{"data":{"message":"Convert as booking threshold days limit not matched!"},"status":"0"}}
status code :200
response body :{"response":{"data":{"message":"Convert as booking threshold days limit not matched!"},"status":"0"}}
status code :200
response body :{"response":{"data":{"message":"Convert as booking threshold days limit not matched!"},"status":"0"}}
status code :200
response body :{"response":{"data":{"message":"Convert as booking threshold days limit not matched!"},"status":"0"}}
status code :200
response body :{"response":{"data":{"message":"Convert as booking threshold days limit not matched!"},"status":"0"}}
status code :200
response body :{"response":{"data":{"message":"Convert as booking threshold days limit not matched!"},"status":"0"}}
status code :200
response body :{"response":{"data":{"message":"Convert as booking threshold days limit not matched!"},"status":"0"}}
status code :200
response body :{"response":{"data":{"message":"Successfully Updated the Booking amount"},"status":"1"}}
status code :200
response body :{"response":{"data":{"message":"Successfully Updated the Booking amount"},"status":"1"}}
status code :200
response body :{"response":{"data":{"message":"Convert as booking threshold days limit not matched!"},"status":"0"}}
status code :200
response body :{"response":{"data":{"message":"Convert as booking threshold days limit not matched!"},"status":"0"}}
status code :200
response body :{"response":{"data":{"message":"Successfully Updated the Booking amount"},"status":"1"}}
status code :200
response body :{"response":{"data":{"message":"Convert as booking threshold days limit not matched!"},"status":"0"}}
status code :200
response body :{"response":{"data":{"message":"Convert as booking threshold days limit not matched!"},"status":"0"}}
status code :200
response body :{"response":{"data":{"message":"Successfully Updated the Booking amount"},"status":"1"}}
status code :200
response body :{"response":{"data":{"message":"Successfully Updated the Booking amount"},"status":"1"}}
status code :200
response body :{"response":{"data":{"message":"Successfully Updated the Booking amount"},"status":"1"}}
status code :200
response body :{"response":{"data":{"message":"Our service is not available in your city. Please call our toll free number 1800 103 7000."},"status":"0"}}
status code :200
response body :{"response":{"data":{"message":"Successfully Updated the Booking amount"},"status":"1"}}
status code :200
response body :{"response":{"data":{"message":"Successfully Updated the Booking amount"},"status":"1"}}
status code :200
response body :{"response":{"data":{"message":"Successfully Updated the Booking amount"},"status":"1"}}
status code :200
response body :{"response":{"data":{"message":"Successfully Updated the Booking amount"},"status":"1"}}
status code :200
response body :{"response":{"data":{"message":"Successfully Updated the Booking amount"},"status":"1"}}
status code :200
response body :{"response":{"data":{"message":"Successfully Updated the Booking amount"},"status":"1"}}
status code :200
response body :{"response":{"data":{"message":"Successfully Updated the Booking amount"},"status":"1"}}
status code :200
response body :{"response":{"data":{"message":"Successfully Updated the Booking amount"},"status":"1"}}
status code :200
response body :{"response":{"data":{"message":"Successfully Updated the Booking amount"},"status":"1"}}
status code :200
response body :{"response":{"data":{"message":"Successfully Updated the Booking amount"},"status":"1"}}
status code :200
response body :{"response":{"data":{"message":"Successfully Updated the Booking amount"},"status":"1"}}
status code :200
response body :{"response":{"data":{"message":"Convert as booking threshold days limit not matched!"},"status":"0"}}
status code :200
response body :{"response":{"data":{"message":"Convert as booking threshold days limit not matched!"},"status":"0"}}
status code :200
response body :{"response":{"data":{"message":"Convert as booking threshold days limit not matched!"},"status":"0"}}
status code :200
response body :{"response":{"data":{"message":"Convert as booking threshold days limit not matched!"},"status":"0"}}
status code :200
response body :{"response":{"data":{"message":"Convert as booking threshold days limit not matched!"},"status":"0"}}
status code :200
response body :{"response":{"data":{"message":"Convert as booking threshold days limit not matched!"},"status":"0"}}
status code :200
response body :{"response":{"data":{"message":"Convert as booking threshold days limit not matched!"},"status":"0"}}
status code :200
response body :{"response":{"data":{"message":"Convert as booking threshold days limit not matched!"},"status":"0"}}
status code :200
response body :{"response":{"data":{"message":"Convert as booking threshold days limit not matched!"},"status":"0"}}
status code :200
response body :{"response":{"data":{"message":"Convert as booking threshold days limit not matched!"},"status":"0"}}
status code :200
response body :{"response":{"data":{"message":"Convert as booking threshold days limit not matched!"},"status":"0"}}
status code :200
response body :{"response":{"data":{"message":"Convert as booking threshold days limit not matched!"},"status":"0"}}
status code :200
response body :{"response":{"data":{"message":"Convert as booking threshold days limit not matched!"},"status":"0"}}
status code :200
response body :{"response":{"data":{"message":"Convert as booking threshold days limit not matched!"},"status":"0"}}
status code :200
response body :{"response":{"data":{"message":"Convert as booking threshold days limit not matched!"},"status":"0"}}
status code :200
response body :{"response":{"data":{"message":"Convert as booking threshold days limit not matched!"},"status":"0"}}
status code :200
response body :{"response":{"data":{"message":"Convert as booking threshold days limit not matched!"},"status":"0"}}
status code :200
response body :{"response":{"data":{"message":"Convert as booking threshold days limit not matched!"},"status":"0"}}
status code :200
response body :{"response":{"data":{"message":"Convert as booking threshold days limit not matched!"},"status":"0"}}
status code :200
response body :{"response":{"data":{"message":"Convert as booking threshold days limit not matched!"},"status":"0"}}
status code :200
response body :{"response":{"data":{"message":"Convert as booking threshold days limit not matched!"},"status":"0"}}
status code :200
response body :{"response":{"data":{"message":"Convert as booking threshold days limit not matched!"},"status":"0"}}
status code :200
response body :{"response":{"data":{"message":"Convert as booking threshold days limit not matched!"},"status":"0"}}
status code :200
response body :{"response":{"data":{"message":"Convert as booking threshold days limit not matched!"},"status":"0"}}
status code :200
response body :{"response":{"data":{"message":"Convert as booking threshold days limit not matched!"},"status":"0"}}
status code :200
response body :{"response":{"data":{"message":"Convert as booking threshold days limit not matched!"},"status":"0"}}
status code :200
response body :{"response":{"data":{"message":"Convert as booking threshold days limit not matched!"},"status":"0"}}
status code :200
response body :{"response":{"data":{"message":"Convert as booking threshold days limit not matched!"},"status":"0"}}
status code :200
response body :{"response":{"data":{"message":"Convert as booking threshold days limit not matched!"},"status":"0"}}
status code :200
response body :{"response":{"data":{"message":"Convert as booking threshold days limit not matched!"},"status":"0"}}
status code :200
response body :{"response":{"data":{"message":"Convert as booking threshold days limit not matched!"},"status":"0"}}
status code :200
response body :{"response":{"data":{"message":"Convert as booking threshold days limit not matched!"},"status":"0"}}
status code :200
response body :{"response":{"data":{"message":"Convert as booking threshold days limit not matched!"},"status":"0"}}
status code :200
response body :{"response":{"data":{"message":"Convert as booking threshold days limit not matched!"},"status":"0"}}
status code :200
response body :{"response":{"data":{"message":"Convert as booking threshold days limit not matched!"},"status":"0"}}
status code :200
response body :{"response":{"data":{"message":"Convert as booking threshold days limit not matched!"},"status":"0"}}
status code :200
response body :{"response":{"data":{"message":"Convert as booking threshold days limit not matched!"},"status":"0"}}
status code :200
response body :{"response":{"data":{"message":"Convert as booking threshold days limit not matched!"},"status":"0"}}
status code :200
response body :{"response":{"data":{"message":"Successfully Updated the Booking amount"},"status":"1"}}
status code :200
response body :{"response":{"data":{"message":"Convert as booking threshold days limit not matched!"},"status":"0"}}
status code :200
response body :{"response":{"data":{"message":"Convert as booking threshold days limit not matched!"},"status":"0"}}
status code :200
response body :{"response":{"data":{"message":"Convert as booking threshold days limit not matched!"},"status":"0"}}
status code :200
response body :{"response":{"data":{"message":"Convert as booking threshold days limit not matched!"},"status":"0"}}
status code :200
response body :{"response":{"data":{"message":"Convert as booking threshold days limit not matched!"},"status":"0"}}
status code :200
response body :{"response":{"data":{"message":"Convert as booking threshold days limit not matched!"},"status":"0"}}
status code :200
response body :{"response":{"data":{"message":"Convert as booking threshold days limit not matched!"},"status":"0"}}
status code :200
response body :{"response":{"data":{"message":"Convert as booking threshold days limit not matched!"},"status":"0"}}
status code :200
response body :{"response":{"data":{"message":"Convert as booking threshold days limit not matched!"},"status":"0"}}
status code :200
response body :{"response":{"data":{"message":"Convert as booking threshold days limit not matched!"},"status":"0"}}
status code :200
response body :{"response":{"data":{"message":"Convert as booking threshold days limit not matched!"},"status":"0"}}
status code :200
response body :{"response":{"data":{"message":"Convert as booking threshold days limit not matched!"},"status":"0"}}
status code :200
response body :{"response":{"data":{"message":"Convert as booking threshold days limit not matched!"},"status":"0"}}
status code :200
response body :{"response":{"data":{"message":"Convert as booking threshold days limit not matched!"},"status":"0"}}
status code :200
response body :{"response":{"data":{"message":"Convert as booking threshold days limit not matched!"},"status":"0"}}
status code :200
response body :{"response":{"data":{"message":"Convert as booking threshold days limit not matched!"},"status":"0"}}
status code :200
response body :{"response":{"data":{"message":"Convert as booking threshold days limit not matched!"},"status":"0"}}
status code :200
response body :{"response":{"data":{"message":"Convert as booking threshold days limit not matched!"},"status":"0"}}
status code :200
response body :{"response":{"data":{"message":"Convert as booking threshold days limit not matched!"},"status":"0"}}
status code :200
response body :{"response":{"data":{"message":"Convert as booking threshold days limit not matched!"},"status":"0"}}
status code :200
response body :{"response":{"data":{"message":"Convert as booking threshold days limit not matched!"},"status":"0"}}
]]></system-out>
    <system-err><![CDATA[SLF4J: Failed to load class "org.slf4j.impl.StaticLoggerBinder".
SLF4J: Defaulting to no-operation (NOP) logger implementation
SLF4J: See http://www.slf4j.org/codes.html#StaticLoggerBinder for further details.
Starting ChromeDriver 98.0.4758.102 (273bf7ac8c909cde36982d27f66f3c70846a3718-refs/branch-heads/4758@{#1151}) on port 42841
Only local connections are allowed.
Please see https://chromedriver.chromium.org/security-considerations for suggestions on keeping ChromeDriver safe.
ChromeDriver was started successfully.
Feb 26, 2022 12:12:11 PM org.openqa.selenium.remote.ProtocolHandshake createSession
INFO: Detected dialect: W3C
]]></system-err>
  </testcase>
</testsuite>