<?xml version="1.0" encoding="UTF-8"?>
<testng-results skipped="0" failed="1" ignored="0" total="1" passed="0">
  <reporter-output>
  </reporter-output>
  <suite name="Suite" duration-ms="69767" started-at="2022-02-26T12:22:03Z" finished-at="2022-02-26T12:23:13Z">
    <groups>
    </groups>
    <test name="Test" duration-ms="69767" started-at="2022-02-26T12:22:03Z" finished-at="2022-02-26T12:23:13Z">
      <class name="amazon.ExecuteClass">
        <test-method status="FAIL" signature="amazon_relay(java.lang.String, java.lang.String)[pri:0, instance:amazon.ExecuteClass@5aa9e4eb]" name="amazon_relay" duration-ms="69351" started-at="2022-02-26T17:52:03Z" finished-at="2022-02-26T17:53:13Z">
          <params>
            <param index="0">
              <value>
                <![CDATA[mohanavelk@wowtruck.in]]>
              </value>
            </param>
            <param index="1">
              <value>
                <![CDATA[wowtruck]]>
              </value>
            </param>
          </params>
          <exception class="org.openqa.selenium.SessionNotCreatedException">
            <message>
              <![CDATA[session not created
from disconnected: received Inspector.detached event
  (Session info: chrome=98.0.4758.102)
Build info: version: '3.141.59', revision: 'e82be7d358', time: '2018-11-14T08:17:03'
System info: host: 'DESKTOP-A6KN624', ip: '192.168.1.79', os.name: 'Windows 10', os.arch: 'amd64', os.version: '10.0', java.version: '1.8.0_281'
Driver info: driver.version: ChromeDriver
remote stacktrace: Backtrace:
	Ordinal0 [0x007F69A3+2582947]
	Ordinal0 [0x0078A6D1+2139857]
	Ordinal0 [0x00683A98+1063576]
	Ordinal0 [0x00676410+1008656]
	Ordinal0 [0x00675FE3+1007587]
	Ordinal0 [0x006755F0+1005040]
	Ordinal0 [0x00674727+1001255]
	Ordinal0 [0x006749E6+1001958]
	Ordinal0 [0x006742C5+1000133]
	Ordinal0 [0x0067F993+1046931]
	Ordinal0 [0x00674275+1000053]
	Ordinal0 [0x006751F8+1004024]
	Ordinal0 [0x00674727+1001255]
	Ordinal0 [0x006749E6+1001958]
	Ordinal0 [0x006742C5+1000133]
	Ordinal0 [0x0067D6D3+1038035]
	Ordinal0 [0x00674275+1000053]
	Ordinal0 [0x006751F8+1004024]
	Ordinal0 [0x00674727+1001255]
	Ordinal0 [0x006749E6+1001958]
	Ordinal0 [0x006742C5+1000133]
	Ordinal0 [0x0067B3B9+1029049]
	Ordinal0 [0x00674275+1000053]
	Ordinal0 [0x006751F8+1004024]
	Ordinal0 [0x00674727+1001255]
	Ordinal0 [0x00674AF7+1002231]
	Ordinal0 [0x00674AA8+1002152]
	Ordinal0 [0x0067A566+1025382]
	Ordinal0 [0x00674275+1000053]
	Ordinal0 [0x006751F8+1004024]
	Ordinal0 [0x00674727+1001255]
	Ordinal0 [0x006749E6+1001958]
	Ordinal0 [0x006742C5+1000133]
	Ordinal0 [0x0066FC8D+982157]
	Ordinal0 [0x00674275+1000053]
	Ordinal0 [0x00674000+999424]
	Ordinal0 [0x00673D49+998729]
	Ordinal0 [0x00684DD0+1068496]
	Ordinal0 [0x006CE03C+1368124]
	Ordinal0 [0x006CCC2A+1362986]
	Ordinal0 [0x006C8366+1344358]
	Ordinal0 [0x006A5176+1200502]
	Ordinal0 [0x006A6066+1204326]
	GetHandleVerifier [0x0099BE02+1675858]
	GetHandleVerifier [0x00A5036C+2414524]
	GetHandleVerifier [0x0088BB01+560977]
	GetHandleVerifier [0x0088A8D3+556323]
	Ordinal0 [0x0079020E+2163214]
	Ordinal0 [0x00795078+2183288]
	Ordinal0 [0x007951C0+2183616]
	Ordinal0 [0x0079EE1C+2223644]
	BaseThreadInitThunk [0x7654FA29+25]
	RtlGetAppContainerNamedObjectPath [0x777E7A9E+286]
	RtlGetAppContainerNamedObjectPath [0x777E7A6E+238]
]]>
            </message>
            <full-stacktrace>
              <![CDATA[org.openqa.selenium.SessionNotCreatedException: session not created
from disconnected: received Inspector.detached event
  (Session info: chrome=98.0.4758.102)
Build info: version: '3.141.59', revision: 'e82be7d358', time: '2018-11-14T08:17:03'
System info: host: 'DESKTOP-A6KN624', ip: '192.168.1.79', os.name: 'Windows 10', os.arch: 'amd64', os.version: '10.0', java.version: '1.8.0_281'
Driver info: driver.version: ChromeDriver
remote stacktrace: Backtrace:
	Ordinal0 [0x007F69A3+2582947]
	Ordinal0 [0x0078A6D1+2139857]
	Ordinal0 [0x00683A98+1063576]
	Ordinal0 [0x00676410+1008656]
	Ordinal0 [0x00675FE3+1007587]
	Ordinal0 [0x006755F0+1005040]
	Ordinal0 [0x00674727+1001255]
	Ordinal0 [0x006749E6+1001958]
	Ordinal0 [0x006742C5+1000133]
	Ordinal0 [0x0067F993+1046931]
	Ordinal0 [0x00674275+1000053]
	Ordinal0 [0x006751F8+1004024]
	Ordinal0 [0x00674727+1001255]
	Ordinal0 [0x006749E6+1001958]
	Ordinal0 [0x006742C5+1000133]
	Ordinal0 [0x0067D6D3+1038035]
	Ordinal0 [0x00674275+1000053]
	Ordinal0 [0x006751F8+1004024]
	Ordinal0 [0x00674727+1001255]
	Ordinal0 [0x006749E6+1001958]
	Ordinal0 [0x006742C5+1000133]
	Ordinal0 [0x0067B3B9+1029049]
	Ordinal0 [0x00674275+1000053]
	Ordinal0 [0x006751F8+1004024]
	Ordinal0 [0x00674727+1001255]
	Ordinal0 [0x00674AF7+1002231]
	Ordinal0 [0x00674AA8+1002152]
	Ordinal0 [0x0067A566+1025382]
	Ordinal0 [0x00674275+1000053]
	Ordinal0 [0x006751F8+1004024]
	Ordinal0 [0x00674727+1001255]
	Ordinal0 [0x006749E6+1001958]
	Ordinal0 [0x006742C5+1000133]
	Ordinal0 [0x0066FC8D+982157]
	Ordinal0 [0x00674275+1000053]
	Ordinal0 [0x00674000+999424]
	Ordinal0 [0x00673D49+998729]
	Ordinal0 [0x00684DD0+1068496]
	Ordinal0 [0x006CE03C+1368124]
	Ordinal0 [0x006CCC2A+1362986]
	Ordinal0 [0x006C8366+1344358]
	Ordinal0 [0x006A5176+1200502]
	Ordinal0 [0x006A6066+1204326]
	GetHandleVerifier [0x0099BE02+1675858]
	GetHandleVerifier [0x00A5036C+2414524]
	GetHandleVerifier [0x0088BB01+560977]
	GetHandleVerifier [0x0088A8D3+556323]
	Ordinal0 [0x0079020E+2163214]
	Ordinal0 [0x00795078+2183288]
	Ordinal0 [0x007951C0+2183616]
	Ordinal0 [0x0079EE1C+2223644]
	BaseThreadInitThunk [0x7654FA29+25]
	RtlGetAppContainerNamedObjectPath [0x777E7A9E+286]
	RtlGetAppContainerNamedObjectPath [0x777E7A6E+238]

	at sun.reflect.NativeConstructorAccessorImpl.newInstance0(Native Method)
	at sun.reflect.NativeConstructorAccessorImpl.newInstance(Unknown Source)
	at sun.reflect.DelegatingConstructorAccessorImpl.newInstance(Unknown Source)
	at java.lang.reflect.Constructor.newInstance(Unknown Source)
	at org.openqa.selenium.remote.W3CHandshakeResponse.lambda$errorHandler$0(W3CHandshakeResponse.java:62)
	at org.openqa.selenium.remote.HandshakeResponse.lambda$getResponseFunction$0(HandshakeResponse.java:30)
	at org.openqa.selenium.remote.ProtocolHandshake.lambda$createSession$0(ProtocolHandshake.java:126)
	at java.util.stream.ReferencePipeline$3$1.accept(Unknown Source)
	at java.util.Spliterators$ArraySpliterator.tryAdvance(Unknown Source)
	at java.util.stream.ReferencePipeline.forEachWithCancel(Unknown Source)
	at java.util.stream.AbstractPipeline.copyIntoWithCancel(Unknown Source)
	at java.util.stream.AbstractPipeline.copyInto(Unknown Source)
	at java.util.stream.AbstractPipeline.wrapAndCopyInto(Unknown Source)
	at java.util.stream.FindOps$FindOp.evaluateSequential(Unknown Source)
	at java.util.stream.AbstractPipeline.evaluate(Unknown Source)
	at java.util.stream.ReferencePipeline.findFirst(Unknown Source)
	at org.openqa.selenium.remote.ProtocolHandshake.createSession(ProtocolHandshake.java:128)
	at org.openqa.selenium.remote.ProtocolHandshake.createSession(ProtocolHandshake.java:74)
	at org.openqa.selenium.remote.HttpCommandExecutor.execute(HttpCommandExecutor.java:136)
	at org.openqa.selenium.remote.service.DriverCommandExecutor.execute(DriverCommandExecutor.java:83)
	at org.openqa.selenium.remote.RemoteWebDriver.execute(RemoteWebDriver.java:552)
	at org.openqa.selenium.remote.RemoteWebDriver.startSession(RemoteWebDriver.java:213)
	at org.openqa.selenium.remote.RemoteWebDriver.<init>(RemoteWebDriver.java:131)
	at org.openqa.selenium.chrome.ChromeDriver.<init>(ChromeDriver.java:181)
	at org.openqa.selenium.chrome.ChromeDriver.<init>(ChromeDriver.java:168)
	at org.openqa.selenium.chrome.ChromeDriver.<init>(ChromeDriver.java:123)
	at amazon.Baseclass.launchBrowser(Baseclass.java:50)
	at amazon.AmazonProduction.launching(AmazonProduction.java:70)
	at amazon.ExecuteClass.amazon_relay(ExecuteClass.java:12)
	at sun.reflect.NativeMethodAccessorImpl.invoke0(Native Method)
	at sun.reflect.NativeMethodAccessorImpl.invoke(Unknown Source)
	at sun.reflect.DelegatingMethodAccessorImpl.invoke(Unknown Source)
	at java.lang.reflect.Method.invoke(Unknown Source)
	at org.testng.internal.MethodInvocationHelper.invokeMethod(MethodInvocationHelper.java:104)
	at org.testng.internal.Invoker.invokeMethod(Invoker.java:645)
	at org.testng.internal.Invoker.invokeTestMethod(Invoker.java:851)
	at org.testng.internal.Invoker.invokeTestMethods(Invoker.java:1177)
	at org.testng.internal.TestMethodWorker.invokeTestMethods(TestMethodWorker.java:129)
	at org.testng.internal.TestMethodWorker.run(TestMethodWorker.java:112)
	at org.testng.TestRunner.privateRun(TestRunner.java:756)
	at org.testng.TestRunner.run(TestRunner.java:610)
	at org.testng.SuiteRunner.runTest(SuiteRunner.java:387)
	at org.testng.SuiteRunner.runSequentially(SuiteRunner.java:382)
	at org.testng.SuiteRunner.privateRun(SuiteRunner.java:340)
	at org.testng.SuiteRunner.run(SuiteRunner.java:289)
	at org.testng.SuiteRunnerWorker.runSuite(SuiteRunnerWorker.java:52)
	at org.testng.SuiteRunnerWorker.run(SuiteRunnerWorker.java:86)
	at org.testng.TestNG.runSuitesSequentially(TestNG.java:1293)
	at org.testng.TestNG.runSuitesLocally(TestNG.java:1218)
	at org.testng.TestNG.runSuites(TestNG.java:1133)
	at org.testng.TestNG.run(TestNG.java:1104)
	at org.testng.remote.AbstractRemoteTestNG.run(AbstractRemoteTestNG.java:132)
	at org.testng.remote.RemoteTestNG.initAndRun(RemoteTestNG.java:236)
	at org.testng.remote.RemoteTestNG.main(RemoteTestNG.java:81)
]]>
            </full-stacktrace>
          </exception> <!-- org.openqa.selenium.SessionNotCreatedException -->
          <reporter-output>
          </reporter-output>
        </test-method> <!-- amazon_relay -->
      </class> <!-- amazon.ExecuteClass -->
    </test> <!-- Test -->
  </suite> <!-- Suite -->
</testng-results>
